<?xml version="1.0" encoding="UTF-8"?>
<Site BuildName="(empty)"
	BuildStamp="20240223-0230-Experimental"
	Name="ubuntu"
	Generator="ctest-3.25.2"
	CompilerName="/usr/bin/g++"
	CompilerVersion="9.4.0"
	OSName="Linux"
	Hostname="ubuntu"
	OSRelease="5.15.0-91-generic"
	OSVersion="#101~20.04.1-Ubuntu SMP Thu Nov 16 14:22:28 UTC 2023"
	OSPlatform="x86_64"
	Is64Bits="1"
	VendorString="GenuineIntel"
	VendorID="Intel Corporation"
	FamilyID="6"
	ModelID="165"
	ProcessorCacheSize="16384"
	NumberOfLogicalCPU="8"
	NumberOfPhysicalCPU="8"
	TotalVirtualMemory="2047"
	TotalPhysicalMemory="32058"
	LogicalProcessorsPerPhysical="1"
	ProcessorClockFrequency="2904"
	>
	<Testing>
		<StartDateTime>Feb 23 11:20 HKT</StartDateTime>
		<StartTestTime>1708658417</StartTestTime>
		<TestList/>
		<EndDateTime>Feb 23 11:20 HKT</EndDateTime>
		<EndTestTime>1708658417</EndTestTime>
		<ElapsedMinutes>0</ElapsedMinutes>
	</Testing>
</Site>
